0 info it worked if it ends with ok
1 verbose cli [ '/usr/local/bin/node',
1 verbose cli   '/Users/brentnorthey/.npm-packages/bin/npm',
1 verbose cli   'start' ]
2 info using npm@3.10.8
3 info using node@v4.6.0
4 verbose run-script [ 'prestart', 'start', 'poststart' ]
5 info lifecycle twitterapp@0.0.0~prestart: twitterapp@0.0.0
6 silly lifecycle twitterapp@0.0.0~prestart: no script for prestart, continuing
7 info lifecycle twitterapp@0.0.0~start: twitterapp@0.0.0
8 verbose lifecycle twitterapp@0.0.0~start: unsafe-perm in lifecycle true
9 verbose lifecycle twitterapp@0.0.0~start: PATH: /Users/brentnorthey/.npm-packages/lib/node_modules/npm/bin/node-gyp-bin:/Users/brentnorthey/Development/nitro/node_modules/.bin:/Users/brentnorthey/.npm-packages/bin:/usr/local/bin:/usr/bin:/bin:/usr/sbin:/sbin
10 verbose lifecycle twitterapp@0.0.0~start: CWD: /Users/brentnorthey/Development/nitro
11 silly lifecycle twitterapp@0.0.0~start: Args: [ '-c', 'node app.js' ]
12 silly lifecycle twitterapp@0.0.0~start: Returned: code: 1  signal: null
13 info lifecycle twitterapp@0.0.0~start: Failed to exec start script
14 verbose stack Error: twitterapp@0.0.0 start: `node app.js`
14 verbose stack Exit status 1
14 verbose stack     at EventEmitter.<anonymous> (/Users/brentnorthey/.npm-packages/lib/node_modules/npm/lib/utils/lifecycle.js:255:16)
14 verbose stack     at emitTwo (events.js:87:13)
14 verbose stack     at EventEmitter.emit (events.js:172:7)
14 verbose stack     at ChildProcess.<anonymous> (/Users/brentnorthey/.npm-packages/lib/node_modules/npm/lib/utils/spawn.js:40:14)
14 verbose stack     at emitTwo (events.js:87:13)
14 verbose stack     at ChildProcess.emit (events.js:172:7)
14 verbose stack     at maybeClose (internal/child_process.js:829:16)
14 verbose stack     at Process.ChildProcess._handle.onexit (internal/child_process.js:211:5)
15 verbose pkgid twitterapp@0.0.0
16 verbose cwd /Users/brentnorthey/Development/nitro
17 error Darwin 16.1.0
18 error argv "/usr/local/bin/node" "/Users/brentnorthey/.npm-packages/bin/npm" "start"
19 error node v4.6.0
20 error npm  v3.10.8
21 error code ELIFECYCLE
22 error twitterapp@0.0.0 start: `node app.js`
22 error Exit status 1
23 error Failed at the twitterapp@0.0.0 start script 'node app.js'.
23 error Make sure you have the latest version of node.js and npm installed.
23 error If you do, this is most likely a problem with the twitterapp package,
23 error not with npm itself.
23 error Tell the author that this fails on your system:
23 error     node app.js
23 error You can get information on how to open an issue for this project with:
23 error     npm bugs twitterapp
23 error Or if that isn't available, you can get their info via:
23 error     npm owner ls twitterapp
23 error There is likely additional logging output above.
24 verbose exit [ 1, true ]
